============================= test session starts ==============================
platform darwin -- Python 3.13.5, pytest-9.0.1, pluggy-1.6.0
rootdir: /Users/lediangonzalez/to-do-list
plugins: cov-7.0.0
collected 7 items

tests/test_api.py .......                                                [100%]

================================ tests coverage ================================
_______________ coverage: platform darwin, python 3.13.5-final-0 _______________

Name        Stmts   Miss  Cover   Missing
-----------------------------------------
server.py      65      3    95%   133-135
-----------------------------------------
TOTAL          65      3    95%
============================== 7 passed in 0.15s ===============================
